{"F:\\Programação\\Dev\\FullStack-Master\\Semana 2\\ConvertMyMoney\\lib\\api.bcb.js": {"path":"F:\\Programação\\Dev\\FullStack-Master\\Semana 2\\ConvertMyMoney\\lib\\api.bcb.js","statementMap":{"0":{"start":{"line":1,"column":14},"end":{"line":1,"column":30}},"1":{"start":{"line":2,"column":15},"end":{"line":2,"column":236}},"2":{"start":{"line":2,"column":23},"end":{"line":2,"column":236}},"3":{"start":{"line":4,"column":22},"end":{"line":4,"column":43}},"4":{"start":{"line":4,"column":29},"end":{"line":4,"column":43}},"5":{"start":{"line":5,"column":23},"end":{"line":5,"column":71}},"6":{"start":{"line":5,"column":30},"end":{"line":5,"column":71}},"7":{"start":{"line":6,"column":17},"end":{"line":10,"column":1}},"8":{"start":{"line":7,"column":18},"end":{"line":7,"column":28}},"9":{"start":{"line":8,"column":4},"end":{"line":8,"column":79}},"10":{"start":{"line":11,"column":19},"end":{"line":21,"column":1}},"11":{"start":{"line":11,"column":83},"end":{"line":21,"column":1}},"12":{"start":{"line":12,"column":4},"end":{"line":20,"column":9}},"13":{"start":{"line":13,"column":18},"end":{"line":13,"column":28}},"14":{"start":{"line":14,"column":16},"end":{"line":14,"column":29}},"15":{"start":{"line":15,"column":16},"end":{"line":15,"column":40}},"16":{"start":{"line":16,"column":20},"end":{"line":16,"column":39}},"17":{"start":{"line":17,"column":4},"end":{"line":17,"column":18}},"18":{"start":{"line":19,"column":9},"end":{"line":19,"column":18}},"19":{"start":{"line":23,"column":0},"end":{"line":32,"column":1}}},"fnMap":{"0":{"name":"(anonymous_0)","decl":{"start":{"line":2,"column":15},"end":{"line":2,"column":16}},"loc":{"start":{"line":2,"column":23},"end":{"line":2,"column":236}},"line":2},"1":{"name":"(anonymous_1)","decl":{"start":{"line":4,"column":22},"end":{"line":4,"column":23}},"loc":{"start":{"line":4,"column":29},"end":{"line":4,"column":43}},"line":4},"2":{"name":"(anonymous_2)","decl":{"start":{"line":5,"column":23},"end":{"line":5,"column":24}},"loc":{"start":{"line":5,"column":30},"end":{"line":5,"column":71}},"line":5},"3":{"name":"(anonymous_3)","decl":{"start":{"line":6,"column":17},"end":{"line":6,"column":18}},"loc":{"start":{"line":6,"column":23},"end":{"line":10,"column":1}},"line":6},"4":{"name":"(anonymous_4)","decl":{"start":{"line":11,"column":19},"end":{"line":11,"column":20}},"loc":{"start":{"line":11,"column":83},"end":{"line":21,"column":1}},"line":11},"5":{"name":"(anonymous_5)","decl":{"start":{"line":11,"column":83},"end":{"line":11,"column":84}},"loc":{"start":{"line":11,"column":94},"end":{"line":21,"column":1}},"line":11}},"branchMap":{"0":{"loc":{"start":{"line":11,"column":20},"end":{"line":11,"column":78}},"type":"default-arg","locations":[{"start":{"line":11,"column":74},"end":{"line":11,"column":78}}],"line":11}},"s":{"0":1,"1":1,"2":1,"3":1,"4":1,"5":1,"6":1,"7":1,"8":1,"9":1,"10":1,"11":2,"12":1,"13":1,"14":1,"15":1,"16":0,"17":0,"18":1,"19":1},"f":{"0":1,"1":1,"2":1,"3":1,"4":2,"5":1},"b":{"0":[0]},"_coverageSchema":"43e27e138ebf9cfc5966b082cf9a028302ed4184","hash":"72bd0d39bc4e4039e9ed305bb6e4d8bcb8450295"}
,"F:\\Programação\\Dev\\FullStack-Master\\Semana 2\\ConvertMyMoney\\lib\\convert.js": {"path":"F:\\Programação\\Dev\\FullStack-Master\\Semana 2\\ConvertMyMoney\\lib\\convert.js","statementMap":{"0":{"start":{"line":1,"column":16},"end":{"line":3,"column":1}},"1":{"start":{"line":2,"column":4},"end":{"line":2,"column":31}},"2":{"start":{"line":5,"column":16},"end":{"line":7,"column":1}},"3":{"start":{"line":6,"column":4},"end":{"line":6,"column":39}},"4":{"start":{"line":9,"column":0},"end":{"line":12,"column":1}}},"fnMap":{"0":{"name":"(anonymous_0)","decl":{"start":{"line":1,"column":16},"end":{"line":1,"column":17}},"loc":{"start":{"line":1,"column":41},"end":{"line":3,"column":1}},"line":1},"1":{"name":"(anonymous_1)","decl":{"start":{"line":5,"column":16},"end":{"line":5,"column":17}},"loc":{"start":{"line":5,"column":25},"end":{"line":7,"column":1}},"line":5}},"branchMap":{},"s":{"0":1,"1":2,"2":1,"3":2,"4":1},"f":{"0":2,"1":2},"b":{},"_coverageSchema":"43e27e138ebf9cfc5966b082cf9a028302ed4184","hash":"fb83059d1d503a99aaccc578e2a8e9f43e6d7a0f"}
}
